{"/home/paul-adrien/Bureau/42/red_tetris/server/app.js": {"path":"/home/paul-adrien/Bureau/42/red_tetris/server/app.js","statementMap":{"0":{"start":{"line":1,"column":16},"end":{"line":1,"column":34}},"1":{"start":{"line":2,"column":13},"end":{"line":2,"column":28}},"2":{"start":{"line":4,"column":12},"end":{"line":4,"column":21}},"3":{"start":{"line":6,"column":20},"end":{"line":8,"column":1}},"4":{"start":{"line":9,"column":0},"end":{"line":9,"column":27}},"5":{"start":{"line":10,"column":0},"end":{"line":10,"column":24}},"6":{"start":{"line":12,"column":0},"end":{"line":14,"column":3}},"7":{"start":{"line":13,"column":4},"end":{"line":13,"column":28}},"8":{"start":{"line":18,"column":0},"end":{"line":18,"column":21}}},"fnMap":{"0":{"name":"(anonymous_0)","decl":{"start":{"line":12,"column":13},"end":{"line":12,"column":14}},"loc":{"start":{"line":12,"column":33},"end":{"line":14,"column":1}},"line":12}},"branchMap":{},"s":{"0":1,"1":1,"2":1,"3":1,"4":1,"5":1,"6":1,"7":0,"8":1},"f":{"0":0},"b":{},"_coverageSchema":"1a1c01bbd47fc00a2c39e90264f33305004495a9","hash":"6f508fb4c130ef1bc586792f98f967ee1a808cf8"}
,"/home/paul-adrien/Bureau/42/red_tetris/server/controllers/piece.controller.js": {"path":"/home/paul-adrien/Bureau/42/red_tetris/server/controllers/piece.controller.js","statementMap":{"0":{"start":{"line":1,"column":14},"end":{"line":1,"column":46}},"1":{"start":{"line":2,"column":15},"end":{"line":2,"column":48}},"2":{"start":{"line":3,"column":18},"end":{"line":3,"column":54}},"3":{"start":{"line":4,"column":22},"end":{"line":4,"column":62}},"4":{"start":{"line":5,"column":13},"end":{"line":5,"column":44}},"5":{"start":{"line":7,"column":18},"end":{"line":7,"column":20}},"6":{"start":{"line":8,"column":19},"end":{"line":8,"column":21}},"7":{"start":{"line":10,"column":0},"end":{"line":26,"column":2}},"8":{"start":{"line":11,"column":2},"end":{"line":25,"column":5}},"9":{"start":{"line":12,"column":4},"end":{"line":24,"column":5}},"10":{"start":{"line":13,"column":6},"end":{"line":13,"column":16}},"11":{"start":{"line":14,"column":11},"end":{"line":24,"column":5}},"12":{"start":{"line":17,"column":10},"end":{"line":17,"column":22}},"13":{"start":{"line":21,"column":6},"end":{"line":21,"column":17}},"14":{"start":{"line":23,"column":6},"end":{"line":23,"column":16}},"15":{"start":{"line":28,"column":0},"end":{"line":32,"column":2}},"16":{"start":{"line":29,"column":2},"end":{"line":31,"column":5}},"17":{"start":{"line":30,"column":4},"end":{"line":30,"column":19}},"18":{"start":{"line":34,"column":0},"end":{"line":107,"column":2}},"19":{"start":{"line":35,"column":2},"end":{"line":106,"column":5}},"20":{"start":{"line":36,"column":4},"end":{"line":105,"column":5}},"21":{"start":{"line":37,"column":6},"end":{"line":37,"column":43}},"22":{"start":{"line":39,"column":25},"end":{"line":43,"column":31}},"23":{"start":{"line":41,"column":10},"end":{"line":41,"column":22}},"24":{"start":{"line":44,"column":6},"end":{"line":104,"column":7}},"25":{"start":{"line":45,"column":8},"end":{"line":48,"column":11}},"26":{"start":{"line":49,"column":13},"end":{"line":104,"column":7}},"27":{"start":{"line":50,"column":8},"end":{"line":50,"column":63}},"28":{"start":{"line":51,"column":8},"end":{"line":52,"column":59}},"29":{"start":{"line":52,"column":10},"end":{"line":52,"column":59}},"30":{"start":{"line":53,"column":8},"end":{"line":68,"column":9}},"31":{"start":{"line":56,"column":14},"end":{"line":58,"column":15}},"32":{"start":{"line":57,"column":16},"end":{"line":57,"column":30}},"33":{"start":{"line":62,"column":23},"end":{"line":62,"column":76}},"34":{"start":{"line":63,"column":10},"end":{"line":63,"column":34}},"35":{"start":{"line":64,"column":26},"end":{"line":64,"column":30}},"36":{"start":{"line":66,"column":23},"end":{"line":66,"column":46}},"37":{"start":{"line":67,"column":26},"end":{"line":67,"column":31}},"38":{"start":{"line":69,"column":8},"end":{"line":75,"column":11}},"39":{"start":{"line":76,"column":13},"end":{"line":104,"column":7}},"40":{"start":{"line":77,"column":25},"end":{"line":77,"column":49}},"41":{"start":{"line":78,"column":8},"end":{"line":78,"column":48}},"42":{"start":{"line":79,"column":8},"end":{"line":79,"column":44}},"43":{"start":{"line":80,"column":8},"end":{"line":80,"column":33}},"44":{"start":{"line":81,"column":8},"end":{"line":96,"column":9}},"45":{"start":{"line":84,"column":14},"end":{"line":86,"column":15}},"46":{"start":{"line":85,"column":16},"end":{"line":85,"column":30}},"47":{"start":{"line":90,"column":23},"end":{"line":90,"column":76}},"48":{"start":{"line":91,"column":10},"end":{"line":91,"column":34}},"49":{"start":{"line":92,"column":26},"end":{"line":92,"column":30}},"50":{"start":{"line":94,"column":23},"end":{"line":94,"column":46}},"51":{"start":{"line":95,"column":26},"end":{"line":95,"column":31}},"52":{"start":{"line":97,"column":8},"end":{"line":103,"column":11}},"53":{"start":{"line":109,"column":0},"end":{"line":159,"column":2}},"54":{"start":{"line":110,"column":2},"end":{"line":158,"column":5}},"55":{"start":{"line":111,"column":4},"end":{"line":157,"column":5}},"56":{"start":{"line":112,"column":6},"end":{"line":112,"column":43}},"57":{"start":{"line":114,"column":25},"end":{"line":118,"column":31}},"58":{"start":{"line":116,"column":10},"end":{"line":116,"column":22}},"59":{"start":{"line":119,"column":26},"end":{"line":125,"column":34}},"60":{"start":{"line":121,"column":10},"end":{"line":123,"column":11}},"61":{"start":{"line":122,"column":12},"end":{"line":122,"column":26}},"62":{"start":{"line":126,"column":6},"end":{"line":126,"column":67}},"63":{"start":{"line":126,"column":29},"end":{"line":126,"column":67}},"64":{"start":{"line":127,"column":6},"end":{"line":156,"column":7}},"65":{"start":{"line":129,"column":8},"end":{"line":129,"column":48}},"66":{"start":{"line":130,"column":8},"end":{"line":133,"column":10}},"67":{"start":{"line":134,"column":8},"end":{"line":136,"column":9}},"68":{"start":{"line":135,"column":10},"end":{"line":135,"column":77}},"69":{"start":{"line":137,"column":8},"end":{"line":150,"column":9}},"70":{"start":{"line":138,"column":10},"end":{"line":138,"column":52}},"71":{"start":{"line":139,"column":10},"end":{"line":139,"column":46}},"72":{"start":{"line":140,"column":10},"end":{"line":144,"column":13}},"73":{"start":{"line":146,"column":10},"end":{"line":149,"column":13}},"74":{"start":{"line":153,"column":8},"end":{"line":153,"column":40}},"75":{"start":{"line":154,"column":8},"end":{"line":154,"column":46}},"76":{"start":{"line":155,"column":8},"end":{"line":155,"column":91}},"77":{"start":{"line":162,"column":2},"end":{"line":171,"column":5}},"78":{"start":{"line":163,"column":6},"end":{"line":163,"column":12}},"79":{"start":{"line":164,"column":6},"end":{"line":169,"column":7}},"80":{"start":{"line":167,"column":17},"end":{"line":167,"column":71}},"81":{"start":{"line":168,"column":8},"end":{"line":168,"column":12}},"82":{"start":{"line":170,"column":6},"end":{"line":170,"column":57}},"83":{"start":{"line":170,"column":19},"end":{"line":170,"column":57}},"84":{"start":{"line":175,"column":2},"end":{"line":197,"column":5}},"85":{"start":{"line":176,"column":6},"end":{"line":176,"column":12}},"86":{"start":{"line":177,"column":6},"end":{"line":177,"column":49}},"87":{"start":{"line":178,"column":20},"end":{"line":178,"column":22}},"88":{"start":{"line":179,"column":6},"end":{"line":195,"column":7}},"89":{"start":{"line":180,"column":26},"end":{"line":186,"column":54}},"90":{"start":{"line":182,"column":12},"end":{"line":184,"column":13}},"91":{"start":{"line":183,"column":14},"end":{"line":183,"column":28}},"92":{"start":{"line":187,"column":8},"end":{"line":193,"column":9}},"93":{"start":{"line":188,"column":10},"end":{"line":188,"column":52}},"94":{"start":{"line":189,"column":10},"end":{"line":189,"column":47}},"95":{"start":{"line":190,"column":10},"end":{"line":190,"column":46}},"96":{"start":{"line":191,"column":10},"end":{"line":192,"column":53}},"97":{"start":{"line":191,"column":37},"end":{"line":191,"column":74}},"98":{"start":{"line":192,"column":15},"end":{"line":192,"column":53}},"99":{"start":{"line":194,"column":8},"end":{"line":194,"column":12}},"100":{"start":{"line":196,"column":6},"end":{"line":196,"column":35}},"101":{"start":{"line":196,"column":18},"end":{"line":196,"column":35}},"102":{"start":{"line":200,"column":0},"end":{"line":220,"column":2}},"103":{"start":{"line":201,"column":2},"end":{"line":219,"column":5}},"104":{"start":{"line":202,"column":4},"end":{"line":218,"column":5}},"105":{"start":{"line":202,"column":32},"end":{"line":202,"column":69}},"106":{"start":{"line":204,"column":25},"end":{"line":208,"column":30}},"107":{"start":{"line":206,"column":10},"end":{"line":206,"column":22}},"108":{"start":{"line":209,"column":6},"end":{"line":217,"column":7}},"109":{"start":{"line":210,"column":8},"end":{"line":210,"column":43}},"110":{"start":{"line":211,"column":8},"end":{"line":214,"column":12}},"111":{"start":{"line":213,"column":12},"end":{"line":213,"column":50}},"112":{"start":{"line":216,"column":8},"end":{"line":216,"column":51}},"113":{"start":{"line":222,"column":0},"end":{"line":248,"column":2}},"114":{"start":{"line":223,"column":2},"end":{"line":247,"column":5}},"115":{"start":{"line":224,"column":4},"end":{"line":246,"column":5}},"116":{"start":{"line":225,"column":6},"end":{"line":225,"column":43}},"117":{"start":{"line":227,"column":25},"end":{"line":231,"column":30}},"118":{"start":{"line":229,"column":10},"end":{"line":229,"column":22}},"119":{"start":{"line":232,"column":6},"end":{"line":245,"column":7}},"120":{"start":{"line":233,"column":8},"end":{"line":233,"column":43}},"121":{"start":{"line":234,"column":8},"end":{"line":235,"column":49}},"122":{"start":{"line":236,"column":8},"end":{"line":236,"column":45}},"123":{"start":{"line":237,"column":8},"end":{"line":242,"column":12}},"124":{"start":{"line":239,"column":12},"end":{"line":241,"column":15}},"125":{"start":{"line":240,"column":14},"end":{"line":240,"column":78}},"126":{"start":{"line":244,"column":8},"end":{"line":244,"column":51}},"127":{"start":{"line":250,"column":0},"end":{"line":311,"column":2}},"128":{"start":{"line":251,"column":2},"end":{"line":310,"column":5}},"129":{"start":{"line":252,"column":4},"end":{"line":309,"column":5}},"130":{"start":{"line":253,"column":6},"end":{"line":253,"column":43}},"131":{"start":{"line":255,"column":25},"end":{"line":259,"column":30}},"132":{"start":{"line":257,"column":10},"end":{"line":257,"column":22}},"133":{"start":{"line":260,"column":26},"end":{"line":266,"column":34}},"134":{"start":{"line":262,"column":10},"end":{"line":264,"column":11}},"135":{"start":{"line":263,"column":12},"end":{"line":263,"column":26}},"136":{"start":{"line":267,"column":6},"end":{"line":308,"column":7}},"137":{"start":{"line":268,"column":8},"end":{"line":268,"column":50}},"138":{"start":{"line":269,"column":8},"end":{"line":305,"column":9}},"139":{"start":{"line":271,"column":10},"end":{"line":271,"column":50}},"140":{"start":{"line":272,"column":10},"end":{"line":272,"column":46}},"141":{"start":{"line":273,"column":10},"end":{"line":273,"column":46}},"142":{"start":{"line":274,"column":10},"end":{"line":295,"column":11}},"143":{"start":{"line":275,"column":12},"end":{"line":275,"column":54}},"144":{"start":{"line":276,"column":12},"end":{"line":276,"column":48}},"145":{"start":{"line":277,"column":12},"end":{"line":277,"column":24}},"146":{"start":{"line":278,"column":12},"end":{"line":283,"column":13}},"147":{"start":{"line":278,"column":25},"end":{"line":278,"column":26}},"148":{"start":{"line":279,"column":24},"end":{"line":279,"column":106}},"149":{"start":{"line":279,"column":47},"end":{"line":279,"column":60}},"150":{"start":{"line":280,"column":14},"end":{"line":282,"column":15}},"151":{"start":{"line":281,"column":16},"end":{"line":281,"column":46}},"152":{"start":{"line":284,"column":12},"end":{"line":288,"column":15}},"153":{"start":{"line":290,"column":12},"end":{"line":294,"column":15}},"154":{"start":{"line":298,"column":10},"end":{"line":298,"column":52}},"155":{"start":{"line":299,"column":10},"end":{"line":299,"column":46}},"156":{"start":{"line":300,"column":10},"end":{"line":304,"column":13}},"157":{"start":{"line":307,"column":8},"end":{"line":307,"column":51}},"158":{"start":{"line":313,"column":0},"end":{"line":340,"column":2}},"159":{"start":{"line":314,"column":2},"end":{"line":339,"column":5}},"160":{"start":{"line":315,"column":4},"end":{"line":338,"column":5}},"161":{"start":{"line":316,"column":6},"end":{"line":316,"column":37}},"162":{"start":{"line":318,"column":25},"end":{"line":322,"column":30}},"163":{"start":{"line":320,"column":10},"end":{"line":320,"column":22}},"164":{"start":{"line":323,"column":6},"end":{"line":337,"column":7}},"165":{"start":{"line":324,"column":28},"end":{"line":326,"column":9}},"166":{"start":{"line":327,"column":8},"end":{"line":334,"column":9}},"167":{"start":{"line":328,"column":10},"end":{"line":328,"column":41}},"168":{"start":{"line":329,"column":10},"end":{"line":329,"column":76}},"169":{"start":{"line":330,"column":10},"end":{"line":330,"column":53}},"170":{"start":{"line":331,"column":10},"end":{"line":331,"column":62}},"171":{"start":{"line":333,"column":10},"end":{"line":333,"column":54}},"172":{"start":{"line":336,"column":8},"end":{"line":336,"column":51}},"173":{"start":{"line":342,"column":0},"end":{"line":358,"column":2}},"174":{"start":{"line":343,"column":2},"end":{"line":357,"column":5}},"175":{"start":{"line":344,"column":4},"end":{"line":356,"column":5}},"176":{"start":{"line":345,"column":6},"end":{"line":345,"column":16}},"177":{"start":{"line":347,"column":18},"end":{"line":354,"column":10}},"178":{"start":{"line":349,"column":10},"end":{"line":349,"column":36}},"179":{"start":{"line":352,"column":10},"end":{"line":353,"column":27}},"180":{"start":{"line":352,"column":40},"end":{"line":352,"column":53}},"181":{"start":{"line":353,"column":15},"end":{"line":353,"column":27}},"182":{"start":{"line":355,"column":6},"end":{"line":355,"column":17}},"183":{"start":{"line":360,"column":0},"end":{"line":364,"column":2}},"184":{"start":{"line":361,"column":2},"end":{"line":363,"column":5}},"185":{"start":{"line":362,"column":4},"end":{"line":362,"column":20}},"186":{"start":{"line":366,"column":0},"end":{"line":414,"column":2}},"187":{"start":{"line":367,"column":2},"end":{"line":413,"column":5}},"188":{"start":{"line":368,"column":24},"end":{"line":372,"column":24}},"189":{"start":{"line":370,"column":8},"end":{"line":370,"column":20}},"190":{"start":{"line":373,"column":4},"end":{"line":412,"column":5}},"191":{"start":{"line":374,"column":19},"end":{"line":374,"column":21}},"192":{"start":{"line":375,"column":18},"end":{"line":375,"column":46}},"193":{"start":{"line":376,"column":6},"end":{"line":376,"column":39}},"194":{"start":{"line":377,"column":6},"end":{"line":406,"column":9}},"195":{"start":{"line":378,"column":8},"end":{"line":405,"column":9}},"196":{"start":{"line":379,"column":23},"end":{"line":379,"column":49}},"197":{"start":{"line":380,"column":10},"end":{"line":404,"column":11}},"198":{"start":{"line":381,"column":12},"end":{"line":381,"column":42}},"199":{"start":{"line":382,"column":12},"end":{"line":394,"column":13}},"200":{"start":{"line":383,"column":14},"end":{"line":383,"column":36}},"201":{"start":{"line":384,"column":14},"end":{"line":393,"column":15}},"202":{"start":{"line":385,"column":16},"end":{"line":385,"column":38}},"203":{"start":{"line":386,"column":16},"end":{"line":386,"column":32}},"204":{"start":{"line":387,"column":16},"end":{"line":392,"column":17}},"205":{"start":{"line":387,"column":29},"end":{"line":387,"column":30}},"206":{"start":{"line":388,"column":28},"end":{"line":388,"column":110}},"207":{"start":{"line":388,"column":51},"end":{"line":388,"column":64}},"208":{"start":{"line":389,"column":18},"end":{"line":391,"column":19}},"209":{"start":{"line":390,"column":20},"end":{"line":390,"column":50}},"210":{"start":{"line":395,"column":12},"end":{"line":402,"column":13}},"211":{"start":{"line":399,"column":14},"end":{"line":399,"column":41}},"212":{"start":{"line":401,"column":14},"end":{"line":401,"column":41}},"213":{"start":{"line":403,"column":12},"end":{"line":403,"column":25}},"214":{"start":{"line":407,"column":6},"end":{"line":411,"column":9}},"215":{"start":{"line":416,"column":0},"end":{"line":442,"column":2}},"216":{"start":{"line":417,"column":2},"end":{"line":441,"column":5}},"217":{"start":{"line":418,"column":4},"end":{"line":440,"column":5}},"218":{"start":{"line":425,"column":25},"end":{"line":429,"column":30}},"219":{"start":{"line":427,"column":10},"end":{"line":427,"column":22}},"220":{"start":{"line":430,"column":6},"end":{"line":437,"column":7}},"221":{"start":{"line":431,"column":8},"end":{"line":431,"column":47}},"222":{"start":{"line":432,"column":8},"end":{"line":434,"column":11}},"223":{"start":{"line":436,"column":8},"end":{"line":436,"column":18}},"224":{"start":{"line":439,"column":6},"end":{"line":439,"column":16}},"225":{"start":{"line":444,"column":0},"end":{"line":453,"column":2}},"226":{"start":{"line":445,"column":2},"end":{"line":452,"column":5}},"227":{"start":{"line":446,"column":4},"end":{"line":446,"column":10}},"228":{"start":{"line":447,"column":20},"end":{"line":447,"column":22}},"229":{"start":{"line":448,"column":4},"end":{"line":450,"column":5}},"230":{"start":{"line":449,"column":6},"end":{"line":449,"column":38}},"231":{"start":{"line":451,"column":4},"end":{"line":451,"column":19}}},"fnMap":{"0":{"name":"(anonymous_0)","decl":{"start":{"line":10,"column":23},"end":{"line":10,"column":24}},"loc":{"start":{"line":10,"column":42},"end":{"line":26,"column":1}},"line":10},"1":{"name":"(anonymous_1)","decl":{"start":{"line":11,"column":21},"end":{"line":11,"column":22}},"loc":{"start":{"line":11,"column":35},"end":{"line":25,"column":3}},"line":11},"2":{"name":"(anonymous_2)","decl":{"start":{"line":16,"column":13},"end":{"line":16,"column":14}},"loc":{"start":{"line":16,"column":20},"end":{"line":18,"column":9}},"line":16},"3":{"name":"(anonymous_3)","decl":{"start":{"line":28,"column":20},"end":{"line":28,"column":21}},"loc":{"start":{"line":28,"column":32},"end":{"line":32,"column":1}},"line":28},"4":{"name":"(anonymous_4)","decl":{"start":{"line":29,"column":21},"end":{"line":29,"column":22}},"loc":{"start":{"line":29,"column":35},"end":{"line":31,"column":3}},"line":29},"5":{"name":"(anonymous_5)","decl":{"start":{"line":34,"column":22},"end":{"line":34,"column":23}},"loc":{"start":{"line":34,"column":39},"end":{"line":107,"column":1}},"line":34},"6":{"name":"(anonymous_6)","decl":{"start":{"line":35,"column":21},"end":{"line":35,"column":22}},"loc":{"start":{"line":35,"column":35},"end":{"line":106,"column":3}},"line":35},"7":{"name":"(anonymous_7)","decl":{"start":{"line":40,"column":13},"end":{"line":40,"column":14}},"loc":{"start":{"line":40,"column":20},"end":{"line":42,"column":9}},"line":40},"8":{"name":"(anonymous_8)","decl":{"start":{"line":55,"column":17},"end":{"line":55,"column":18}},"loc":{"start":{"line":55,"column":24},"end":{"line":59,"column":13}},"line":55},"9":{"name":"(anonymous_9)","decl":{"start":{"line":83,"column":17},"end":{"line":83,"column":18}},"loc":{"start":{"line":83,"column":24},"end":{"line":87,"column":13}},"line":83},"10":{"name":"(anonymous_10)","decl":{"start":{"line":109,"column":21},"end":{"line":109,"column":22}},"loc":{"start":{"line":109,"column":38},"end":{"line":159,"column":1}},"line":109},"11":{"name":"(anonymous_11)","decl":{"start":{"line":110,"column":21},"end":{"line":110,"column":22}},"loc":{"start":{"line":110,"column":35},"end":{"line":158,"column":3}},"line":110},"12":{"name":"(anonymous_12)","decl":{"start":{"line":115,"column":13},"end":{"line":115,"column":14}},"loc":{"start":{"line":115,"column":20},"end":{"line":117,"column":9}},"line":115},"13":{"name":"(anonymous_13)","decl":{"start":{"line":120,"column":13},"end":{"line":120,"column":14}},"loc":{"start":{"line":120,"column":20},"end":{"line":124,"column":9}},"line":120},"14":{"name":"createTetrominos","decl":{"start":{"line":161,"column":15},"end":{"line":161,"column":31}},"loc":{"start":{"line":161,"column":44},"end":{"line":172,"column":1}},"line":161},"15":{"name":"(anonymous_15)","decl":{"start":{"line":162,"column":21},"end":{"line":162,"column":22}},"loc":{"start":{"line":162,"column":35},"end":{"line":171,"column":3}},"line":162},"16":{"name":"getSpectrums","decl":{"start":{"line":174,"column":15},"end":{"line":174,"column":27}},"loc":{"start":{"line":174,"column":40},"end":{"line":198,"column":1}},"line":174},"17":{"name":"(anonymous_17)","decl":{"start":{"line":175,"column":21},"end":{"line":175,"column":22}},"loc":{"start":{"line":175,"column":35},"end":{"line":197,"column":3}},"line":175},"18":{"name":"(anonymous_18)","decl":{"start":{"line":181,"column":15},"end":{"line":181,"column":16}},"loc":{"start":{"line":181,"column":22},"end":{"line":185,"column":11}},"line":181},"19":{"name":"(anonymous_19)","decl":{"start":{"line":200,"column":24},"end":{"line":200,"column":25}},"loc":{"start":{"line":200,"column":40},"end":{"line":220,"column":1}},"line":200},"20":{"name":"(anonymous_20)","decl":{"start":{"line":201,"column":21},"end":{"line":201,"column":22}},"loc":{"start":{"line":201,"column":35},"end":{"line":219,"column":3}},"line":201},"21":{"name":"(anonymous_21)","decl":{"start":{"line":205,"column":13},"end":{"line":205,"column":14}},"loc":{"start":{"line":205,"column":20},"end":{"line":207,"column":9}},"line":205},"22":{"name":"(anonymous_22)","decl":{"start":{"line":212,"column":16},"end":{"line":212,"column":17}},"loc":{"start":{"line":212,"column":27},"end":{"line":214,"column":11}},"line":212},"23":{"name":"(anonymous_23)","decl":{"start":{"line":222,"column":21},"end":{"line":222,"column":22}},"loc":{"start":{"line":222,"column":37},"end":{"line":248,"column":1}},"line":222},"24":{"name":"(anonymous_24)","decl":{"start":{"line":223,"column":21},"end":{"line":223,"column":22}},"loc":{"start":{"line":223,"column":35},"end":{"line":247,"column":3}},"line":223},"25":{"name":"(anonymous_25)","decl":{"start":{"line":228,"column":13},"end":{"line":228,"column":14}},"loc":{"start":{"line":228,"column":20},"end":{"line":230,"column":9}},"line":228},"26":{"name":"(anonymous_26)","decl":{"start":{"line":238,"column":16},"end":{"line":238,"column":17}},"loc":{"start":{"line":238,"column":27},"end":{"line":242,"column":11}},"line":238},"27":{"name":"(anonymous_27)","decl":{"start":{"line":239,"column":42},"end":{"line":239,"column":43}},"loc":{"start":{"line":239,"column":55},"end":{"line":241,"column":13}},"line":239},"28":{"name":"(anonymous_28)","decl":{"start":{"line":250,"column":21},"end":{"line":250,"column":22}},"loc":{"start":{"line":250,"column":37},"end":{"line":311,"column":1}},"line":250},"29":{"name":"(anonymous_29)","decl":{"start":{"line":251,"column":21},"end":{"line":251,"column":22}},"loc":{"start":{"line":251,"column":35},"end":{"line":310,"column":3}},"line":251},"30":{"name":"(anonymous_30)","decl":{"start":{"line":256,"column":13},"end":{"line":256,"column":14}},"loc":{"start":{"line":256,"column":20},"end":{"line":258,"column":9}},"line":256},"31":{"name":"(anonymous_31)","decl":{"start":{"line":261,"column":13},"end":{"line":261,"column":14}},"loc":{"start":{"line":261,"column":20},"end":{"line":265,"column":9}},"line":261},"32":{"name":"(anonymous_32)","decl":{"start":{"line":279,"column":39},"end":{"line":279,"column":40}},"loc":{"start":{"line":279,"column":46},"end":{"line":279,"column":61}},"line":279},"33":{"name":"(anonymous_33)","decl":{"start":{"line":313,"column":25},"end":{"line":313,"column":26}},"loc":{"start":{"line":313,"column":41},"end":{"line":340,"column":1}},"line":313},"34":{"name":"(anonymous_34)","decl":{"start":{"line":314,"column":21},"end":{"line":314,"column":22}},"loc":{"start":{"line":314,"column":35},"end":{"line":339,"column":3}},"line":314},"35":{"name":"(anonymous_35)","decl":{"start":{"line":319,"column":13},"end":{"line":319,"column":14}},"loc":{"start":{"line":319,"column":20},"end":{"line":321,"column":9}},"line":319},"36":{"name":"(anonymous_36)","decl":{"start":{"line":342,"column":24},"end":{"line":342,"column":25}},"loc":{"start":{"line":342,"column":44},"end":{"line":358,"column":1}},"line":342},"37":{"name":"(anonymous_37)","decl":{"start":{"line":343,"column":21},"end":{"line":343,"column":22}},"loc":{"start":{"line":343,"column":35},"end":{"line":357,"column":3}},"line":343},"38":{"name":"(anonymous_38)","decl":{"start":{"line":348,"column":16},"end":{"line":348,"column":17}},"loc":{"start":{"line":348,"column":23},"end":{"line":350,"column":9}},"line":348},"39":{"name":"(anonymous_39)","decl":{"start":{"line":351,"column":15},"end":{"line":351,"column":16}},"loc":{"start":{"line":351,"column":27},"end":{"line":354,"column":9}},"line":351},"40":{"name":"(anonymous_40)","decl":{"start":{"line":360,"column":21},"end":{"line":360,"column":22}},"loc":{"start":{"line":360,"column":33},"end":{"line":364,"column":1}},"line":360},"41":{"name":"(anonymous_41)","decl":{"start":{"line":361,"column":21},"end":{"line":361,"column":22}},"loc":{"start":{"line":361,"column":35},"end":{"line":363,"column":3}},"line":361},"42":{"name":"(anonymous_42)","decl":{"start":{"line":366,"column":27},"end":{"line":366,"column":28}},"loc":{"start":{"line":366,"column":47},"end":{"line":414,"column":1}},"line":366},"43":{"name":"(anonymous_43)","decl":{"start":{"line":367,"column":21},"end":{"line":367,"column":22}},"loc":{"start":{"line":367,"column":35},"end":{"line":413,"column":3}},"line":367},"44":{"name":"(anonymous_44)","decl":{"start":{"line":369,"column":11},"end":{"line":369,"column":12}},"loc":{"start":{"line":369,"column":18},"end":{"line":371,"column":7}},"line":369},"45":{"name":"(anonymous_45)","decl":{"start":{"line":377,"column":28},"end":{"line":377,"column":29}},"loc":{"start":{"line":377,"column":42},"end":{"line":406,"column":7}},"line":377},"46":{"name":"(anonymous_46)","decl":{"start":{"line":388,"column":43},"end":{"line":388,"column":44}},"loc":{"start":{"line":388,"column":50},"end":{"line":388,"column":65}},"line":388},"47":{"name":"(anonymous_47)","decl":{"start":{"line":416,"column":25},"end":{"line":416,"column":26}},"loc":{"start":{"line":416,"column":41},"end":{"line":442,"column":1}},"line":416},"48":{"name":"(anonymous_48)","decl":{"start":{"line":417,"column":21},"end":{"line":417,"column":22}},"loc":{"start":{"line":417,"column":35},"end":{"line":441,"column":3}},"line":417},"49":{"name":"(anonymous_49)","decl":{"start":{"line":426,"column":13},"end":{"line":426,"column":14}},"loc":{"start":{"line":426,"column":20},"end":{"line":428,"column":9}},"line":426},"50":{"name":"(anonymous_50)","decl":{"start":{"line":444,"column":23},"end":{"line":444,"column":24}},"loc":{"start":{"line":444,"column":39},"end":{"line":453,"column":1}},"line":444},"51":{"name":"(anonymous_51)","decl":{"start":{"line":445,"column":21},"end":{"line":445,"column":22}},"loc":{"start":{"line":445,"column":35},"end":{"line":452,"column":3}},"line":445}},"branchMap":{"0":{"loc":{"start":{"line":12,"column":4},"end":{"line":24,"column":5}},"type":"if","locations":[{"start":{"line":12,"column":4},"end":{"line":24,"column":5}},{"start":{"line":14,"column":11},"end":{"line":24,"column":5}}],"line":12},"1":{"loc":{"start":{"line":14,"column":11},"end":{"line":24,"column":5}},"type":"if","locations":[{"start":{"line":14,"column":11},"end":{"line":24,"column":5}},{"start":{"line":22,"column":11},"end":{"line":24,"column":5}}],"line":14},"2":{"loc":{"start":{"line":36,"column":4},"end":{"line":105,"column":5}},"type":"if","locations":[{"start":{"line":36,"column":4},"end":{"line":105,"column":5}},{"start":{"line":38,"column":9},"end":{"line":105,"column":5}}],"line":36},"3":{"loc":{"start":{"line":36,"column":8},"end":{"line":36,"column":66}},"type":"binary-expr","locations":[{"start":{"line":36,"column":8},"end":{"line":36,"column":14}},{"start":{"line":36,"column":18},"end":{"line":36,"column":32}},{"start":{"line":36,"column":36},"end":{"line":36,"column":53}},{"start":{"line":36,"column":57},"end":{"line":36,"column":66}}],"line":36},"4":{"loc":{"start":{"line":44,"column":6},"end":{"line":104,"column":7}},"type":"if","locations":[{"start":{"line":44,"column":6},"end":{"line":104,"column":7}},{"start":{"line":49,"column":13},"end":{"line":104,"column":7}}],"line":44},"5":{"loc":{"start":{"line":44,"column":10},"end":{"line":44,"column":65}},"type":"binary-expr","locations":[{"start":{"line":44,"column":10},"end":{"line":44,"column":26}},{"start":{"line":44,"column":30},"end":{"line":44,"column":65}}],"line":44},"6":{"loc":{"start":{"line":49,"column":13},"end":{"line":104,"column":7}},"type":"if","locations":[{"start":{"line":49,"column":13},"end":{"line":104,"column":7}},{"start":{"line":76,"column":13},"end":{"line":104,"column":7}}],"line":49},"7":{"loc":{"start":{"line":49,"column":17},"end":{"line":49,"column":79}},"type":"binary-expr","locations":[{"start":{"line":49,"column":17},"end":{"line":49,"column":33}},{"start":{"line":49,"column":37},"end":{"line":49,"column":79}}],"line":49},"8":{"loc":{"start":{"line":51,"column":8},"end":{"line":52,"column":59}},"type":"if","locations":[{"start":{"line":51,"column":8},"end":{"line":52,"column":59}},{"start":{},"end":{}}],"line":51},"9":{"loc":{"start":{"line":53,"column":8},"end":{"line":68,"column":9}},"type":"if","locations":[{"start":{"line":53,"column":8},"end":{"line":68,"column":9}},{"start":{"line":65,"column":15},"end":{"line":68,"column":9}}],"line":53},"10":{"loc":{"start":{"line":56,"column":14},"end":{"line":58,"column":15}},"type":"if","locations":[{"start":{"line":56,"column":14},"end":{"line":58,"column":15}},{"start":{},"end":{}}],"line":56},"11":{"loc":{"start":{"line":76,"column":13},"end":{"line":104,"column":7}},"type":"if","locations":[{"start":{"line":76,"column":13},"end":{"line":104,"column":7}},{"start":{},"end":{}}],"line":76},"12":{"loc":{"start":{"line":81,"column":8},"end":{"line":96,"column":9}},"type":"if","locations":[{"start":{"line":81,"column":8},"end":{"line":96,"column":9}},{"start":{"line":93,"column":15},"end":{"line":96,"column":9}}],"line":81},"13":{"loc":{"start":{"line":84,"column":14},"end":{"line":86,"column":15}},"type":"if","locations":[{"start":{"line":84,"column":14},"end":{"line":86,"column":15}},{"start":{},"end":{}}],"line":84},"14":{"loc":{"start":{"line":111,"column":4},"end":{"line":157,"column":5}},"type":"if","locations":[{"start":{"line":111,"column":4},"end":{"line":157,"column":5}},{"start":{"line":113,"column":9},"end":{"line":157,"column":5}}],"line":111},"15":{"loc":{"start":{"line":111,"column":8},"end":{"line":111,"column":53}},"type":"binary-expr","locations":[{"start":{"line":111,"column":8},"end":{"line":111,"column":14}},{"start":{"line":111,"column":18},"end":{"line":111,"column":32}},{"start":{"line":111,"column":36},"end":{"line":111,"column":53}}],"line":111},"16":{"loc":{"start":{"line":121,"column":10},"end":{"line":123,"column":11}},"type":"if","locations":[{"start":{"line":121,"column":10},"end":{"line":123,"column":11}},{"start":{},"end":{}}],"line":121},"17":{"loc":{"start":{"line":126,"column":6},"end":{"line":126,"column":67}},"type":"if","locations":[{"start":{"line":126,"column":6},"end":{"line":126,"column":67}},{"start":{},"end":{}}],"line":126},"18":{"loc":{"start":{"line":127,"column":6},"end":{"line":156,"column":7}},"type":"if","locations":[{"start":{"line":127,"column":6},"end":{"line":156,"column":7}},{"start":{"line":151,"column":13},"end":{"line":156,"column":7}}],"line":127},"19":{"loc":{"start":{"line":134,"column":8},"end":{"line":136,"column":9}},"type":"if","locations":[{"start":{"line":134,"column":8},"end":{"line":136,"column":9}},{"start":{},"end":{}}],"line":134},"20":{"loc":{"start":{"line":137,"column":8},"end":{"line":150,"column":9}},"type":"if","locations":[{"start":{"line":137,"column":8},"end":{"line":150,"column":9}},{"start":{"line":145,"column":15},"end":{"line":150,"column":9}}],"line":137},"21":{"loc":{"start":{"line":170,"column":6},"end":{"line":170,"column":57}},"type":"if","locations":[{"start":{"line":170,"column":6},"end":{"line":170,"column":57}},{"start":{},"end":{}}],"line":170},"22":{"loc":{"start":{"line":182,"column":12},"end":{"line":184,"column":13}},"type":"if","locations":[{"start":{"line":182,"column":12},"end":{"line":184,"column":13}},{"start":{},"end":{}}],"line":182},"23":{"loc":{"start":{"line":187,"column":8},"end":{"line":193,"column":9}},"type":"if","locations":[{"start":{"line":187,"column":8},"end":{"line":193,"column":9}},{"start":{},"end":{}}],"line":187},"24":{"loc":{"start":{"line":191,"column":10},"end":{"line":192,"column":53}},"type":"if","locations":[{"start":{"line":191,"column":10},"end":{"line":192,"column":53}},{"start":{"line":192,"column":15},"end":{"line":192,"column":53}}],"line":191},"25":{"loc":{"start":{"line":196,"column":6},"end":{"line":196,"column":35}},"type":"if","locations":[{"start":{"line":196,"column":6},"end":{"line":196,"column":35}},{"start":{},"end":{}}],"line":196},"26":{"loc":{"start":{"line":202,"column":4},"end":{"line":218,"column":5}},"type":"if","locations":[{"start":{"line":202,"column":4},"end":{"line":218,"column":5}},{"start":{"line":203,"column":9},"end":{"line":218,"column":5}}],"line":202},"27":{"loc":{"start":{"line":202,"column":8},"end":{"line":202,"column":30}},"type":"binary-expr","locations":[{"start":{"line":202,"column":8},"end":{"line":202,"column":13}},{"start":{"line":202,"column":17},"end":{"line":202,"column":30}}],"line":202},"28":{"loc":{"start":{"line":209,"column":6},"end":{"line":217,"column":7}},"type":"if","locations":[{"start":{"line":209,"column":6},"end":{"line":217,"column":7}},{"start":{"line":215,"column":13},"end":{"line":217,"column":7}}],"line":209},"29":{"loc":{"start":{"line":224,"column":4},"end":{"line":246,"column":5}},"type":"if","locations":[{"start":{"line":224,"column":4},"end":{"line":246,"column":5}},{"start":{"line":226,"column":9},"end":{"line":246,"column":5}}],"line":224},"30":{"loc":{"start":{"line":224,"column":8},"end":{"line":224,"column":50}},"type":"binary-expr","locations":[{"start":{"line":224,"column":8},"end":{"line":224,"column":13}},{"start":{"line":224,"column":17},"end":{"line":224,"column":30}},{"start":{"line":224,"column":34},"end":{"line":224,"column":50}}],"line":224},"31":{"loc":{"start":{"line":232,"column":6},"end":{"line":245,"column":7}},"type":"if","locations":[{"start":{"line":232,"column":6},"end":{"line":245,"column":7}},{"start":{"line":243,"column":13},"end":{"line":245,"column":7}}],"line":232},"32":{"loc":{"start":{"line":252,"column":4},"end":{"line":309,"column":5}},"type":"if","locations":[{"start":{"line":252,"column":4},"end":{"line":309,"column":5}},{"start":{"line":254,"column":9},"end":{"line":309,"column":5}}],"line":252},"33":{"loc":{"start":{"line":252,"column":8},"end":{"line":252,"column":46}},"type":"binary-expr","locations":[{"start":{"line":252,"column":8},"end":{"line":252,"column":13}},{"start":{"line":252,"column":17},"end":{"line":252,"column":30}},{"start":{"line":252,"column":34},"end":{"line":252,"column":46}}],"line":252},"34":{"loc":{"start":{"line":262,"column":10},"end":{"line":264,"column":11}},"type":"if","locations":[{"start":{"line":262,"column":10},"end":{"line":264,"column":11}},{"start":{},"end":{}}],"line":262},"35":{"loc":{"start":{"line":267,"column":6},"end":{"line":308,"column":7}},"type":"if","locations":[{"start":{"line":267,"column":6},"end":{"line":308,"column":7}},{"start":{"line":306,"column":13},"end":{"line":308,"column":7}}],"line":267},"36":{"loc":{"start":{"line":269,"column":8},"end":{"line":305,"column":9}},"type":"if","locations":[{"start":{"line":269,"column":8},"end":{"line":305,"column":9}},{"start":{"line":296,"column":15},"end":{"line":305,"column":9}}],"line":269},"37":{"loc":{"start":{"line":274,"column":10},"end":{"line":295,"column":11}},"type":"if","locations":[{"start":{"line":274,"column":10},"end":{"line":295,"column":11}},{"start":{"line":289,"column":17},"end":{"line":295,"column":11}}],"line":274},"38":{"loc":{"start":{"line":280,"column":14},"end":{"line":282,"column":15}},"type":"if","locations":[{"start":{"line":280,"column":14},"end":{"line":282,"column":15}},{"start":{},"end":{}}],"line":280},"39":{"loc":{"start":{"line":280,"column":18},"end":{"line":280,"column":61}},"type":"binary-expr","locations":[{"start":{"line":280,"column":18},"end":{"line":280,"column":27}},{"start":{"line":280,"column":31},"end":{"line":280,"column":61}}],"line":280},"40":{"loc":{"start":{"line":315,"column":4},"end":{"line":338,"column":5}},"type":"if","locations":[{"start":{"line":315,"column":4},"end":{"line":338,"column":5}},{"start":{"line":317,"column":9},"end":{"line":338,"column":5}}],"line":315},"41":{"loc":{"start":{"line":315,"column":8},"end":{"line":315,"column":65}},"type":"binary-expr","locations":[{"start":{"line":315,"column":8},"end":{"line":315,"column":13}},{"start":{"line":315,"column":17},"end":{"line":315,"column":30}},{"start":{"line":315,"column":34},"end":{"line":315,"column":46}},{"start":{"line":315,"column":50},"end":{"line":315,"column":65}}],"line":315},"42":{"loc":{"start":{"line":323,"column":6},"end":{"line":337,"column":7}},"type":"if","locations":[{"start":{"line":323,"column":6},"end":{"line":337,"column":7}},{"start":{"line":335,"column":13},"end":{"line":337,"column":7}}],"line":323},"43":{"loc":{"start":{"line":327,"column":8},"end":{"line":334,"column":9}},"type":"if","locations":[{"start":{"line":327,"column":8},"end":{"line":334,"column":9}},{"start":{"line":332,"column":15},"end":{"line":334,"column":9}}],"line":327},"44":{"loc":{"start":{"line":344,"column":4},"end":{"line":356,"column":5}},"type":"if","locations":[{"start":{"line":344,"column":4},"end":{"line":356,"column":5}},{"start":{"line":346,"column":11},"end":{"line":356,"column":5}}],"line":344},"45":{"loc":{"start":{"line":352,"column":10},"end":{"line":353,"column":27}},"type":"if","locations":[{"start":{"line":352,"column":10},"end":{"line":353,"column":27}},{"start":{"line":353,"column":15},"end":{"line":353,"column":27}}],"line":352},"46":{"loc":{"start":{"line":373,"column":4},"end":{"line":412,"column":5}},"type":"if","locations":[{"start":{"line":373,"column":4},"end":{"line":412,"column":5}},{"start":{},"end":{}}],"line":373},"47":{"loc":{"start":{"line":373,"column":8},"end":{"line":373,"column":69}},"type":"binary-expr","locations":[{"start":{"line":373,"column":8},"end":{"line":373,"column":25}},{"start":{"line":373,"column":29},"end":{"line":373,"column":69}}],"line":373},"48":{"loc":{"start":{"line":378,"column":8},"end":{"line":405,"column":9}},"type":"if","locations":[{"start":{"line":378,"column":8},"end":{"line":405,"column":9}},{"start":{},"end":{}}],"line":378},"49":{"loc":{"start":{"line":380,"column":10},"end":{"line":404,"column":11}},"type":"if","locations":[{"start":{"line":380,"column":10},"end":{"line":404,"column":11}},{"start":{},"end":{}}],"line":380},"50":{"loc":{"start":{"line":382,"column":12},"end":{"line":394,"column":13}},"type":"if","locations":[{"start":{"line":382,"column":12},"end":{"line":394,"column":13}},{"start":{},"end":{}}],"line":382},"51":{"loc":{"start":{"line":384,"column":14},"end":{"line":393,"column":15}},"type":"if","locations":[{"start":{"line":384,"column":14},"end":{"line":393,"column":15}},{"start":{},"end":{}}],"line":384},"52":{"loc":{"start":{"line":389,"column":18},"end":{"line":391,"column":19}},"type":"if","locations":[{"start":{"line":389,"column":18},"end":{"line":391,"column":19}},{"start":{},"end":{}}],"line":389},"53":{"loc":{"start":{"line":389,"column":22},"end":{"line":389,"column":65}},"type":"binary-expr","locations":[{"start":{"line":389,"column":22},"end":{"line":389,"column":31}},{"start":{"line":389,"column":35},"end":{"line":389,"column":65}}],"line":389},"54":{"loc":{"start":{"line":395,"column":12},"end":{"line":402,"column":13}},"type":"if","locations":[{"start":{"line":395,"column":12},"end":{"line":402,"column":13}},{"start":{"line":400,"column":17},"end":{"line":402,"column":13}}],"line":395},"55":{"loc":{"start":{"line":396,"column":14},"end":{"line":397,"column":37}},"type":"binary-expr","locations":[{"start":{"line":396,"column":14},"end":{"line":396,"column":33}},{"start":{"line":397,"column":14},"end":{"line":397,"column":37}}],"line":396},"56":{"loc":{"start":{"line":418,"column":4},"end":{"line":440,"column":5}},"type":"if","locations":[{"start":{"line":418,"column":4},"end":{"line":440,"column":5}},{"start":{"line":438,"column":11},"end":{"line":440,"column":5}}],"line":418},"57":{"loc":{"start":{"line":419,"column":6},"end":{"line":423,"column":30}},"type":"binary-expr","locations":[{"start":{"line":419,"column":6},"end":{"line":419,"column":10}},{"start":{"line":420,"column":6},"end":{"line":420,"column":18}},{"start":{"line":421,"column":6},"end":{"line":421,"column":28}},{"start":{"line":422,"column":6},"end":{"line":422,"column":30}},{"start":{"line":423,"column":6},"end":{"line":423,"column":30}}],"line":419},"58":{"loc":{"start":{"line":430,"column":6},"end":{"line":437,"column":7}},"type":"if","locations":[{"start":{"line":430,"column":6},"end":{"line":437,"column":7}},{"start":{"line":435,"column":13},"end":{"line":437,"column":7}}],"line":430}},"s":{"0":1,"1":1,"2":1,"3":1,"4":1,"5":1,"6":1,"7":1,"8":3,"9":3,"10":1,"11":2,"12":2,"13":1,"14":1,"15":1,"16":1,"17":1,"18":1,"19":5,"20":5,"21":1,"22":4,"23":3,"24":4,"25":1,"26":3,"27":2,"28":2,"29":0,"30":2,"31":3,"32":3,"33":2,"34":2,"35":2,"36":0,"37":0,"38":2,"39":1,"40":1,"41":1,"42":1,"43":1,"44":1,"45":0,"46":0,"47":1,"48":1,"49":1,"50":0,"51":0,"52":1,"53":1,"54":4,"55":4,"56":1,"57":3,"58":3,"59":3,"60":9,"61":6,"62":3,"63":3,"64":3,"65":2,"66":2,"67":2,"68":2,"69":2,"70":2,"71":2,"72":2,"73":0,"74":1,"75":1,"76":1,"77":2,"78":2,"79":2,"80":20,"81":20,"82":2,"83":2,"84":1,"85":1,"86":1,"87":1,"88":1,"89":3,"90":9,"91":9,"92":3,"93":3,"94":3,"95":3,"96":3,"97":0,"98":3,"99":3,"100":1,"101":1,"102":1,"103":3,"104":3,"105":1,"106":2,"107":2,"108":2,"109":1,"110":1,"111":1,"112":1,"113":1,"114":3,"115":3,"116":1,"117":2,"118":2,"119":2,"120":1,"121":1,"122":1,"123":1,"124":1,"125":1,"126":1,"127":1,"128":5,"129":5,"130":1,"131":4,"132":4,"133":4,"134":12,"135":9,"136":4,"137":3,"138":3,"139":2,"140":2,"141":2,"142":2,"143":1,"144":1,"145":1,"146":1,"147":1,"148":2,"149":6,"150":2,"151":1,"152":1,"153":1,"154":1,"155":1,"156":1,"157":1,"158":1,"159":4,"160":4,"161":1,"162":3,"163":3,"164":3,"165":2,"166":2,"167":1,"168":1,"169":1,"170":1,"171":1,"172":1,"173":1,"174":3,"175":3,"176":1,"177":2,"178":6,"179":4,"180":1,"181":3,"182":2,"183":1,"184":1,"185":1,"186":1,"187":0,"188":0,"189":0,"190":0,"191":0,"192":0,"193":0,"194":0,"195":0,"196":0,"197":0,"198":0,"199":0,"200":0,"201":0,"202":0,"203":0,"204":0,"205":0,"206":0,"207":0,"208":0,"209":0,"210":0,"211":0,"212":0,"213":0,"214":0,"215":1,"216":3,"217":3,"218":2,"219":2,"220":2,"221":1,"222":1,"223":1,"224":1,"225":1,"226":1,"227":1,"228":1,"229":1,"230":2,"231":1},"f":{"0":3,"1":3,"2":2,"3":1,"4":1,"5":5,"6":5,"7":3,"8":3,"9":0,"10":4,"11":4,"12":3,"13":9,"14":2,"15":2,"16":1,"17":1,"18":9,"19":3,"20":3,"21":2,"22":1,"23":3,"24":3,"25":2,"26":1,"27":1,"28":5,"29":5,"30":4,"31":12,"32":6,"33":4,"34":4,"35":3,"36":3,"37":3,"38":6,"39":4,"40":1,"41":1,"42":0,"43":0,"44":0,"45":0,"46":0,"47":3,"48":3,"49":2,"50":1,"51":1},"b":{"0":[1,2],"1":[1,1],"2":[1,4],"3":[5,4,4,4],"4":[1,3],"5":[4,3],"6":[2,1],"7":[3,2],"8":[0,2],"9":[2,0],"10":[3,0],"11":[1,0],"12":[1,0],"13":[0,0],"14":[1,3],"15":[4,3,3],"16":[6,3],"17":[3,0],"18":[2,1],"19":[2,0],"20":[2,0],"21":[2,0],"22":[9,0],"23":[3,0],"24":[0,3],"25":[1,0],"26":[1,2],"27":[3,2],"28":[1,1],"29":[1,2],"30":[3,2,2],"31":[1,1],"32":[1,4],"33":[5,4,4],"34":[9,3],"35":[3,1],"36":[2,1],"37":[1,1],"38":[1,1],"39":[2,2],"40":[1,3],"41":[4,3,3,3],"42":[2,1],"43":[1,1],"44":[1,2],"45":[1,3],"46":[0,0],"47":[0,0],"48":[0,0],"49":[0,0],"50":[0,0],"51":[0,0],"52":[0,0],"53":[0,0],"54":[0,0],"55":[0,0],"56":[2,1],"57":[3,2,2,2,2],"58":[1,1]},"_coverageSchema":"1a1c01bbd47fc00a2c39e90264f33305004495a9","hash":"f53663f8d9527d05333671e7a41307fdc45e747e"}
,"/home/paul-adrien/Bureau/42/red_tetris/server/models/game.model.js": {"path":"/home/paul-adrien/Bureau/42/red_tetris/server/models/game.model.js","statementMap":{"0":{"start":{"line":2,"column":13},"end":{"line":2,"column":15}},"1":{"start":{"line":3,"column":10},"end":{"line":3,"column":11}},"2":{"start":{"line":4,"column":21},"end":{"line":4,"column":22}},"3":{"start":{"line":6,"column":4},"end":{"line":8,"column":5}},"4":{"start":{"line":6,"column":17},"end":{"line":6,"column":18}},"5":{"start":{"line":7,"column":6},"end":{"line":7,"column":56}},"6":{"start":{"line":12,"column":0},"end":{"line":12,"column":22}}},"fnMap":{"0":{"name":"(anonymous_0)","decl":{"start":{"line":5,"column":2},"end":{"line":5,"column":3}},"loc":{"start":{"line":5,"column":16},"end":{"line":9,"column":3}},"line":5}},"branchMap":{},"s":{"0":6,"1":6,"2":6,"3":6,"4":6,"5":120,"6":1},"f":{"0":6},"b":{},"_coverageSchema":"1a1c01bbd47fc00a2c39e90264f33305004495a9","hash":"aceb14be706810e3cbb56c42f2717dfe51059019"}
,"/home/paul-adrien/Bureau/42/red_tetris/server/models/hardTetromino.model.js": {"path":"/home/paul-adrien/Bureau/42/red_tetris/server/models/hardTetromino.model.js","statementMap":{"0":{"start":{"line":2,"column":11},"end":{"line":2,"column":16}},"1":{"start":{"line":3,"column":15},"end":{"line":3,"column":38}},"2":{"start":{"line":4,"column":12},"end":{"line":4,"column":18}},"3":{"start":{"line":6,"column":26},"end":{"line":11,"column":9}},"4":{"start":{"line":12,"column":8},"end":{"line":12,"column":53}},"5":{"start":{"line":13,"column":8},"end":{"line":13,"column":45}},"6":{"start":{"line":17,"column":0},"end":{"line":17,"column":31}}},"fnMap":{"0":{"name":"(anonymous_0)","decl":{"start":{"line":5,"column":4},"end":{"line":5,"column":5}},"loc":{"start":{"line":5,"column":18},"end":{"line":14,"column":5}},"line":5}},"branchMap":{},"s":{"0":2,"1":2,"2":2,"3":2,"4":2,"5":2,"6":1},"f":{"0":2},"b":{},"_coverageSchema":"1a1c01bbd47fc00a2c39e90264f33305004495a9","hash":"f43062da0314d947e0a1e73a2c92e7dd24547735"}
,"/home/paul-adrien/Bureau/42/red_tetris/server/models/piece.model.js": {"path":"/home/paul-adrien/Bureau/42/red_tetris/server/models/piece.model.js","statementMap":{"0":{"start":{"line":1,"column":18},"end":{"line":1,"column":46}},"1":{"start":{"line":4,"column":9},"end":{"line":4,"column":11}},"2":{"start":{"line":5,"column":16},"end":{"line":5,"column":20}},"3":{"start":{"line":6,"column":22},"end":{"line":6,"column":23}},"4":{"start":{"line":7,"column":14},"end":{"line":7,"column":16}},"5":{"start":{"line":8,"column":12},"end":{"line":8,"column":17}},"6":{"start":{"line":9,"column":12},"end":{"line":9,"column":17}},"7":{"start":{"line":10,"column":16},"end":{"line":10,"column":18}},"8":{"start":{"line":11,"column":11},"end":{"line":11,"column":12}},"9":{"start":{"line":13,"column":8},"end":{"line":13,"column":26}},"10":{"start":{"line":17,"column":0},"end":{"line":17,"column":23}}},"fnMap":{"0":{"name":"(anonymous_0)","decl":{"start":{"line":12,"column":4},"end":{"line":12,"column":5}},"loc":{"start":{"line":12,"column":25},"end":{"line":14,"column":5}},"line":12}},"branchMap":{},"s":{"0":1,"1":1,"2":1,"3":1,"4":1,"5":1,"6":1,"7":1,"8":1,"9":1,"10":1},"f":{"0":1},"b":{},"_coverageSchema":"1a1c01bbd47fc00a2c39e90264f33305004495a9","hash":"3a4348f3b88573d894718359b9e304375a97fca5"}
,"/home/paul-adrien/Bureau/42/red_tetris/server/models/player.model.js": {"path":"/home/paul-adrien/Bureau/42/red_tetris/server/models/player.model.js","statementMap":{"0":{"start":{"line":1,"column":13},"end":{"line":1,"column":36}},"1":{"start":{"line":4,"column":7},"end":{"line":4,"column":9}},"2":{"start":{"line":5,"column":9},"end":{"line":5,"column":11}},"3":{"start":{"line":6,"column":12},"end":{"line":6,"column":14}},"4":{"start":{"line":7,"column":9},"end":{"line":7,"column":11}},"5":{"start":{"line":8,"column":10},"end":{"line":8,"column":11}},"6":{"start":{"line":9,"column":11},"end":{"line":9,"column":16}},"7":{"start":{"line":10,"column":9},"end":{"line":10,"column":14}},"8":{"start":{"line":11,"column":8},"end":{"line":11,"column":13}},"9":{"start":{"line":13,"column":4},"end":{"line":13,"column":27}},"10":{"start":{"line":14,"column":4},"end":{"line":14,"column":21}},"11":{"start":{"line":15,"column":4},"end":{"line":15,"column":17}},"12":{"start":{"line":16,"column":4},"end":{"line":16,"column":27}},"13":{"start":{"line":20,"column":0},"end":{"line":20,"column":24}}},"fnMap":{"0":{"name":"(anonymous_0)","decl":{"start":{"line":12,"column":2},"end":{"line":12,"column":3}},"loc":{"start":{"line":12,"column":33},"end":{"line":17,"column":3}},"line":12}},"branchMap":{},"s":{"0":1,"1":3,"2":3,"3":3,"4":3,"5":3,"6":3,"7":3,"8":3,"9":3,"10":3,"11":3,"12":3,"13":1},"f":{"0":3},"b":{},"_coverageSchema":"1a1c01bbd47fc00a2c39e90264f33305004495a9","hash":"78aa358c3dafb4d6cd762a2416dcd625daed71f7"}
,"/home/paul-adrien/Bureau/42/red_tetris/server/models/tetromino.model.js": {"path":"/home/paul-adrien/Bureau/42/red_tetris/server/models/tetromino.model.js","statementMap":{"0":{"start":{"line":2,"column":11},"end":{"line":2,"column":16}},"1":{"start":{"line":3,"column":15},"end":{"line":3,"column":38}},"2":{"start":{"line":4,"column":12},"end":{"line":4,"column":18}},"3":{"start":{"line":6,"column":26},"end":{"line":14,"column":9}},"4":{"start":{"line":15,"column":8},"end":{"line":15,"column":53}},"5":{"start":{"line":16,"column":8},"end":{"line":16,"column":45}},"6":{"start":{"line":20,"column":0},"end":{"line":20,"column":27}}},"fnMap":{"0":{"name":"(anonymous_0)","decl":{"start":{"line":5,"column":4},"end":{"line":5,"column":5}},"loc":{"start":{"line":5,"column":18},"end":{"line":17,"column":5}},"line":5}},"branchMap":{},"s":{"0":20,"1":20,"2":20,"3":20,"4":20,"5":20,"6":1},"f":{"0":20},"b":{},"_coverageSchema":"1a1c01bbd47fc00a2c39e90264f33305004495a9","hash":"a08d8428aa05440df6ae35c40286568a5ab8141b"}
}
