TN:
SF:app.js
FN:12,(anonymous_0)
FNF:1
FNH:0
FNDA:0,(anonymous_0)
DA:1,1
DA:2,1
DA:4,1
DA:6,1
DA:9,1
DA:10,1
DA:12,1
DA:13,0
DA:18,1
LF:9
LH:8
BRF:0
BRH:0
end_of_record
TN:
SF:controllers/piece.controller.js
FN:10,(anonymous_0)
FN:11,(anonymous_1)
FN:16,(anonymous_2)
FN:28,(anonymous_3)
FN:29,(anonymous_4)
FN:34,(anonymous_5)
FN:35,(anonymous_6)
FN:40,(anonymous_7)
FN:55,(anonymous_8)
FN:83,(anonymous_9)
FN:109,(anonymous_10)
FN:110,(anonymous_11)
FN:115,(anonymous_12)
FN:120,(anonymous_13)
FN:161,createTetrominos
FN:162,(anonymous_15)
FN:174,getSpectrums
FN:175,(anonymous_17)
FN:181,(anonymous_18)
FN:200,(anonymous_19)
FN:201,(anonymous_20)
FN:205,(anonymous_21)
FN:212,(anonymous_22)
FN:222,(anonymous_23)
FN:223,(anonymous_24)
FN:228,(anonymous_25)
FN:238,(anonymous_26)
FN:239,(anonymous_27)
FN:250,(anonymous_28)
FN:251,(anonymous_29)
FN:256,(anonymous_30)
FN:261,(anonymous_31)
FN:279,(anonymous_32)
FN:313,(anonymous_33)
FN:314,(anonymous_34)
FN:319,(anonymous_35)
FN:342,(anonymous_36)
FN:343,(anonymous_37)
FN:348,(anonymous_38)
FN:351,(anonymous_39)
FN:360,(anonymous_40)
FN:361,(anonymous_41)
FN:366,(anonymous_42)
FN:367,(anonymous_43)
FN:369,(anonymous_44)
FN:377,(anonymous_45)
FN:388,(anonymous_46)
FN:416,(anonymous_47)
FN:417,(anonymous_48)
FN:426,(anonymous_49)
FN:444,(anonymous_50)
FN:445,(anonymous_51)
FNF:52
FNH:46
FNDA:3,(anonymous_0)
FNDA:3,(anonymous_1)
FNDA:2,(anonymous_2)
FNDA:1,(anonymous_3)
FNDA:1,(anonymous_4)
FNDA:5,(anonymous_5)
FNDA:5,(anonymous_6)
FNDA:3,(anonymous_7)
FNDA:3,(anonymous_8)
FNDA:0,(anonymous_9)
FNDA:4,(anonymous_10)
FNDA:4,(anonymous_11)
FNDA:3,(anonymous_12)
FNDA:9,(anonymous_13)
FNDA:2,createTetrominos
FNDA:2,(anonymous_15)
FNDA:1,getSpectrums
FNDA:1,(anonymous_17)
FNDA:9,(anonymous_18)
FNDA:3,(anonymous_19)
FNDA:3,(anonymous_20)
FNDA:2,(anonymous_21)
FNDA:1,(anonymous_22)
FNDA:3,(anonymous_23)
FNDA:3,(anonymous_24)
FNDA:2,(anonymous_25)
FNDA:1,(anonymous_26)
FNDA:1,(anonymous_27)
FNDA:5,(anonymous_28)
FNDA:5,(anonymous_29)
FNDA:4,(anonymous_30)
FNDA:12,(anonymous_31)
FNDA:6,(anonymous_32)
FNDA:4,(anonymous_33)
FNDA:4,(anonymous_34)
FNDA:3,(anonymous_35)
FNDA:3,(anonymous_36)
FNDA:3,(anonymous_37)
FNDA:6,(anonymous_38)
FNDA:4,(anonymous_39)
FNDA:1,(anonymous_40)
FNDA:1,(anonymous_41)
FNDA:0,(anonymous_42)
FNDA:0,(anonymous_43)
FNDA:0,(anonymous_44)
FNDA:0,(anonymous_45)
FNDA:0,(anonymous_46)
FNDA:3,(anonymous_47)
FNDA:3,(anonymous_48)
FNDA:2,(anonymous_49)
FNDA:1,(anonymous_50)
FNDA:1,(anonymous_51)
DA:1,1
DA:2,1
DA:3,1
DA:4,1
DA:5,1
DA:7,1
DA:8,1
DA:10,1
DA:11,3
DA:12,3
DA:13,1
DA:14,2
DA:17,2
DA:21,1
DA:23,1
DA:28,1
DA:29,1
DA:30,1
DA:34,1
DA:35,5
DA:36,5
DA:37,1
DA:39,4
DA:41,3
DA:44,4
DA:45,1
DA:49,3
DA:50,2
DA:51,2
DA:52,0
DA:53,2
DA:56,3
DA:57,3
DA:62,2
DA:63,2
DA:64,2
DA:66,0
DA:67,0
DA:69,2
DA:76,1
DA:77,1
DA:78,1
DA:79,1
DA:80,1
DA:81,1
DA:84,0
DA:85,0
DA:90,1
DA:91,1
DA:92,1
DA:94,0
DA:95,0
DA:97,1
DA:109,1
DA:110,4
DA:111,4
DA:112,1
DA:114,3
DA:116,3
DA:119,3
DA:121,9
DA:122,6
DA:126,3
DA:127,3
DA:129,2
DA:130,2
DA:134,2
DA:135,2
DA:137,2
DA:138,2
DA:139,2
DA:140,2
DA:146,0
DA:153,1
DA:154,1
DA:155,1
DA:162,2
DA:163,2
DA:164,2
DA:167,20
DA:168,20
DA:170,2
DA:175,1
DA:176,1
DA:177,1
DA:178,1
DA:179,1
DA:180,3
DA:182,9
DA:183,9
DA:187,3
DA:188,3
DA:189,3
DA:190,3
DA:191,3
DA:192,3
DA:194,3
DA:196,1
DA:200,1
DA:201,3
DA:202,3
DA:204,2
DA:206,2
DA:209,2
DA:210,1
DA:211,1
DA:213,1
DA:216,1
DA:222,1
DA:223,3
DA:224,3
DA:225,1
DA:227,2
DA:229,2
DA:232,2
DA:233,1
DA:234,1
DA:236,1
DA:237,1
DA:239,1
DA:240,1
DA:244,1
DA:250,1
DA:251,5
DA:252,5
DA:253,1
DA:255,4
DA:257,4
DA:260,4
DA:262,12
DA:263,9
DA:267,4
DA:268,3
DA:269,3
DA:271,2
DA:272,2
DA:273,2
DA:274,2
DA:275,1
DA:276,1
DA:277,1
DA:278,1
DA:279,6
DA:280,2
DA:281,1
DA:284,1
DA:290,1
DA:298,1
DA:299,1
DA:300,1
DA:307,1
DA:313,1
DA:314,4
DA:315,4
DA:316,1
DA:318,3
DA:320,3
DA:323,3
DA:324,2
DA:327,2
DA:328,1
DA:329,1
DA:330,1
DA:331,1
DA:333,1
DA:336,1
DA:342,1
DA:343,3
DA:344,3
DA:345,1
DA:347,2
DA:349,6
DA:352,4
DA:353,3
DA:355,2
DA:360,1
DA:361,1
DA:362,1
DA:366,1
DA:367,0
DA:368,0
DA:370,0
DA:373,0
DA:374,0
DA:375,0
DA:376,0
DA:377,0
DA:378,0
DA:379,0
DA:380,0
DA:381,0
DA:382,0
DA:383,0
DA:384,0
DA:385,0
DA:386,0
DA:387,0
DA:388,0
DA:389,0
DA:390,0
DA:395,0
DA:399,0
DA:401,0
DA:403,0
DA:407,0
DA:416,1
DA:417,3
DA:418,3
DA:425,2
DA:427,2
DA:430,2
DA:431,1
DA:432,1
DA:436,1
DA:439,1
DA:444,1
DA:445,1
DA:446,1
DA:447,1
DA:448,1
DA:449,2
DA:451,1
LF:222
LH:188
BRDA:12,0,0,1
BRDA:12,0,1,2
BRDA:14,1,0,1
BRDA:14,1,1,1
BRDA:36,2,0,1
BRDA:36,2,1,4
BRDA:36,3,0,5
BRDA:36,3,1,4
BRDA:36,3,2,4
BRDA:36,3,3,4
BRDA:44,4,0,1
BRDA:44,4,1,3
BRDA:44,5,0,4
BRDA:44,5,1,3
BRDA:49,6,0,2
BRDA:49,6,1,1
BRDA:49,7,0,3
BRDA:49,7,1,2
BRDA:51,8,0,0
BRDA:51,8,1,2
BRDA:53,9,0,2
BRDA:53,9,1,0
BRDA:56,10,0,3
BRDA:56,10,1,0
BRDA:76,11,0,1
BRDA:76,11,1,0
BRDA:81,12,0,1
BRDA:81,12,1,0
BRDA:84,13,0,0
BRDA:84,13,1,0
BRDA:111,14,0,1
BRDA:111,14,1,3
BRDA:111,15,0,4
BRDA:111,15,1,3
BRDA:111,15,2,3
BRDA:121,16,0,6
BRDA:121,16,1,3
BRDA:126,17,0,3
BRDA:126,17,1,0
BRDA:127,18,0,2
BRDA:127,18,1,1
BRDA:134,19,0,2
BRDA:134,19,1,0
BRDA:137,20,0,2
BRDA:137,20,1,0
BRDA:170,21,0,2
BRDA:170,21,1,0
BRDA:182,22,0,9
BRDA:182,22,1,0
BRDA:187,23,0,3
BRDA:187,23,1,0
BRDA:191,24,0,0
BRDA:191,24,1,3
BRDA:196,25,0,1
BRDA:196,25,1,0
BRDA:202,26,0,1
BRDA:202,26,1,2
BRDA:202,27,0,3
BRDA:202,27,1,2
BRDA:209,28,0,1
BRDA:209,28,1,1
BRDA:224,29,0,1
BRDA:224,29,1,2
BRDA:224,30,0,3
BRDA:224,30,1,2
BRDA:224,30,2,2
BRDA:232,31,0,1
BRDA:232,31,1,1
BRDA:252,32,0,1
BRDA:252,32,1,4
BRDA:252,33,0,5
BRDA:252,33,1,4
BRDA:252,33,2,4
BRDA:262,34,0,9
BRDA:262,34,1,3
BRDA:267,35,0,3
BRDA:267,35,1,1
BRDA:269,36,0,2
BRDA:269,36,1,1
BRDA:274,37,0,1
BRDA:274,37,1,1
BRDA:280,38,0,1
BRDA:280,38,1,1
BRDA:280,39,0,2
BRDA:280,39,1,2
BRDA:315,40,0,1
BRDA:315,40,1,3
BRDA:315,41,0,4
BRDA:315,41,1,3
BRDA:315,41,2,3
BRDA:315,41,3,3
BRDA:323,42,0,2
BRDA:323,42,1,1
BRDA:327,43,0,1
BRDA:327,43,1,1
BRDA:344,44,0,1
BRDA:344,44,1,2
BRDA:352,45,0,1
BRDA:352,45,1,3
BRDA:373,46,0,0
BRDA:373,46,1,0
BRDA:373,47,0,0
BRDA:373,47,1,0
BRDA:378,48,0,0
BRDA:378,48,1,0
BRDA:380,49,0,0
BRDA:380,49,1,0
BRDA:382,50,0,0
BRDA:382,50,1,0
BRDA:384,51,0,0
BRDA:384,51,1,0
BRDA:389,52,0,0
BRDA:389,52,1,0
BRDA:389,53,0,0
BRDA:389,53,1,0
BRDA:395,54,0,0
BRDA:395,54,1,0
BRDA:396,55,0,0
BRDA:396,55,1,0
BRDA:418,56,0,2
BRDA:418,56,1,1
BRDA:419,57,0,3
BRDA:419,57,1,2
BRDA:419,57,2,2
BRDA:419,57,3,2
BRDA:419,57,4,2
BRDA:430,58,0,1
BRDA:430,58,1,1
BRF:128
BRH:93
end_of_record
TN:
SF:models/game.model.js
FN:5,(anonymous_0)
FNF:1
FNH:1
FNDA:6,(anonymous_0)
DA:2,6
DA:3,6
DA:4,6
DA:6,6
DA:7,120
DA:12,1
LF:6
LH:6
BRF:0
BRH:0
end_of_record
TN:
SF:models/hardTetromino.model.js
FN:5,(anonymous_0)
FNF:1
FNH:1
FNDA:2,(anonymous_0)
DA:2,2
DA:3,2
DA:4,2
DA:6,2
DA:12,2
DA:13,2
DA:17,1
LF:7
LH:7
BRF:0
BRH:0
end_of_record
TN:
SF:models/piece.model.js
FN:12,(anonymous_0)
FNF:1
FNH:1
FNDA:1,(anonymous_0)
DA:1,1
DA:4,1
DA:5,1
DA:6,1
DA:7,1
DA:8,1
DA:9,1
DA:10,1
DA:11,1
DA:13,1
DA:17,1
LF:11
LH:11
BRF:0
BRH:0
end_of_record
TN:
SF:models/player.model.js
FN:12,(anonymous_0)
FNF:1
FNH:1
FNDA:3,(anonymous_0)
DA:1,1
DA:4,3
DA:5,3
DA:6,3
DA:7,3
DA:8,3
DA:9,3
DA:10,3
DA:11,3
DA:13,3
DA:14,3
DA:15,3
DA:16,3
DA:20,1
LF:14
LH:14
BRF:0
BRH:0
end_of_record
TN:
SF:models/tetromino.model.js
FN:5,(anonymous_0)
FNF:1
FNH:1
FNDA:20,(anonymous_0)
DA:2,20
DA:3,20
DA:4,20
DA:6,20
DA:15,20
DA:16,20
DA:20,1
LF:7
LH:7
BRF:0
BRH:0
end_of_record
