TN:
SF:app.js
FN:12,(anonymous_0)
FNF:1
FNH:0
FNDA:0,(anonymous_0)
DA:1,1
DA:2,1
DA:4,1
DA:6,1
DA:9,1
DA:10,1
DA:12,1
DA:13,0
DA:18,1
LF:9
LH:8
BRF:0
BRH:0
end_of_record
TN:
SF:controllers/piece.controller.js
FN:10,(anonymous_0)
FN:11,(anonymous_1)
FN:16,(anonymous_2)
FN:28,(anonymous_3)
FN:29,(anonymous_4)
FN:34,(anonymous_5)
FN:35,(anonymous_6)
FN:40,(anonymous_7)
FN:55,(anonymous_8)
FN:83,(anonymous_9)
FN:109,(anonymous_10)
FN:110,(anonymous_11)
FN:115,(anonymous_12)
FN:120,(anonymous_13)
FN:160,createTetrominos
FN:161,(anonymous_15)
FN:173,getSpectrums
FN:174,(anonymous_17)
FN:180,(anonymous_18)
FN:199,(anonymous_19)
FN:200,(anonymous_20)
FN:204,(anonymous_21)
FN:211,(anonymous_22)
FN:221,(anonymous_23)
FN:222,(anonymous_24)
FN:227,(anonymous_25)
FN:237,(anonymous_26)
FN:238,(anonymous_27)
FN:249,(anonymous_28)
FN:250,(anonymous_29)
FN:255,(anonymous_30)
FN:265,(anonymous_31)
FN:278,(anonymous_32)
FN:310,(anonymous_33)
FN:311,(anonymous_34)
FN:316,(anonymous_35)
FN:339,(anonymous_36)
FN:340,(anonymous_37)
FN:345,(anonymous_38)
FN:348,(anonymous_39)
FN:357,(anonymous_40)
FN:358,(anonymous_41)
FN:363,(anonymous_42)
FN:364,(anonymous_43)
FN:366,(anonymous_44)
FN:373,(anonymous_45)
FN:405,(anonymous_46)
FN:406,(anonymous_47)
FN:415,(anonymous_48)
FN:433,(anonymous_49)
FN:434,(anonymous_50)
FNF:51
FNH:46
FNDA:3,(anonymous_0)
FNDA:3,(anonymous_1)
FNDA:2,(anonymous_2)
FNDA:1,(anonymous_3)
FNDA:1,(anonymous_4)
FNDA:5,(anonymous_5)
FNDA:5,(anonymous_6)
FNDA:3,(anonymous_7)
FNDA:3,(anonymous_8)
FNDA:0,(anonymous_9)
FNDA:4,(anonymous_10)
FNDA:4,(anonymous_11)
FNDA:3,(anonymous_12)
FNDA:9,(anonymous_13)
FNDA:2,createTetrominos
FNDA:2,(anonymous_15)
FNDA:1,getSpectrums
FNDA:1,(anonymous_17)
FNDA:9,(anonymous_18)
FNDA:3,(anonymous_19)
FNDA:3,(anonymous_20)
FNDA:2,(anonymous_21)
FNDA:1,(anonymous_22)
FNDA:3,(anonymous_23)
FNDA:3,(anonymous_24)
FNDA:2,(anonymous_25)
FNDA:1,(anonymous_26)
FNDA:1,(anonymous_27)
FNDA:5,(anonymous_28)
FNDA:5,(anonymous_29)
FNDA:4,(anonymous_30)
FNDA:6,(anonymous_31)
FNDA:6,(anonymous_32)
FNDA:4,(anonymous_33)
FNDA:4,(anonymous_34)
FNDA:3,(anonymous_35)
FNDA:3,(anonymous_36)
FNDA:3,(anonymous_37)
FNDA:6,(anonymous_38)
FNDA:4,(anonymous_39)
FNDA:1,(anonymous_40)
FNDA:1,(anonymous_41)
FNDA:0,(anonymous_42)
FNDA:0,(anonymous_43)
FNDA:0,(anonymous_44)
FNDA:0,(anonymous_45)
FNDA:3,(anonymous_46)
FNDA:3,(anonymous_47)
FNDA:2,(anonymous_48)
FNDA:1,(anonymous_49)
FNDA:1,(anonymous_50)
DA:1,1
DA:2,1
DA:3,1
DA:4,1
DA:5,1
DA:7,1
DA:8,1
DA:10,1
DA:11,3
DA:12,3
DA:13,1
DA:14,2
DA:17,2
DA:21,1
DA:23,1
DA:28,1
DA:29,1
DA:30,1
DA:34,1
DA:35,5
DA:36,5
DA:37,1
DA:39,4
DA:41,3
DA:44,4
DA:45,1
DA:49,3
DA:50,2
DA:51,2
DA:52,0
DA:53,2
DA:56,3
DA:57,3
DA:62,2
DA:63,2
DA:64,2
DA:66,0
DA:67,0
DA:69,2
DA:76,1
DA:77,1
DA:78,1
DA:79,1
DA:80,1
DA:81,1
DA:84,0
DA:85,0
DA:90,1
DA:91,1
DA:92,1
DA:94,0
DA:95,0
DA:97,1
DA:109,1
DA:110,4
DA:111,4
DA:112,1
DA:114,3
DA:116,3
DA:119,3
DA:121,9
DA:122,6
DA:126,3
DA:127,3
DA:129,2
DA:130,2
DA:134,2
DA:135,2
DA:137,2
DA:138,2
DA:139,2
DA:140,2
DA:145,0
DA:152,1
DA:153,1
DA:154,1
DA:161,2
DA:162,2
DA:163,2
DA:166,20
DA:167,20
DA:169,2
DA:174,1
DA:175,1
DA:176,1
DA:177,1
DA:178,1
DA:179,3
DA:181,9
DA:182,9
DA:186,3
DA:187,3
DA:188,3
DA:189,3
DA:190,3
DA:191,3
DA:193,3
DA:195,1
DA:199,1
DA:200,3
DA:201,3
DA:203,2
DA:205,2
DA:208,2
DA:209,1
DA:210,1
DA:212,1
DA:215,1
DA:221,1
DA:222,3
DA:223,3
DA:224,1
DA:226,2
DA:228,2
DA:231,2
DA:232,1
DA:233,1
DA:235,1
DA:236,1
DA:238,1
DA:239,1
DA:243,1
DA:249,1
DA:250,5
DA:251,5
DA:252,1
DA:254,4
DA:256,4
DA:259,4
DA:260,3
DA:261,3
DA:263,2
DA:264,2
DA:266,6
DA:267,5
DA:271,2
DA:272,2
DA:273,2
DA:274,1
DA:275,1
DA:276,1
DA:277,1
DA:278,6
DA:279,2
DA:280,1
DA:283,1
DA:289,1
DA:296,1
DA:297,1
DA:298,1
DA:304,1
DA:310,1
DA:311,4
DA:312,4
DA:313,1
DA:315,3
DA:317,3
DA:320,3
DA:321,2
DA:324,2
DA:325,1
DA:326,1
DA:327,1
DA:328,1
DA:330,1
DA:333,1
DA:339,1
DA:340,3
DA:341,3
DA:342,1
DA:344,2
DA:346,6
DA:349,4
DA:350,3
DA:352,2
DA:357,1
DA:358,1
DA:359,1
DA:363,1
DA:364,0
DA:365,0
DA:367,0
DA:370,0
DA:371,0
DA:372,0
DA:373,0
DA:374,0
DA:375,0
DA:376,0
DA:377,0
DA:378,0
DA:379,0
DA:380,0
DA:381,0
DA:382,0
DA:385,0
DA:389,0
DA:391,0
DA:393,0
DA:397,0
DA:405,1
DA:406,3
DA:407,3
DA:414,2
DA:416,2
DA:419,2
DA:420,1
DA:421,1
DA:425,1
DA:428,1
DA:433,1
DA:434,1
DA:435,1
DA:436,1
DA:437,1
DA:438,2
DA:440,1
LF:217
LH:188
BRDA:12,0,0,1
BRDA:12,0,1,2
BRDA:14,1,0,1
BRDA:14,1,1,1
BRDA:36,2,0,1
BRDA:36,2,1,4
BRDA:36,3,0,5
BRDA:36,3,1,4
BRDA:36,3,2,4
BRDA:36,3,3,4
BRDA:44,4,0,1
BRDA:44,4,1,3
BRDA:44,5,0,4
BRDA:44,5,1,3
BRDA:49,6,0,2
BRDA:49,6,1,1
BRDA:49,7,0,3
BRDA:49,7,1,2
BRDA:51,8,0,0
BRDA:51,8,1,2
BRDA:53,9,0,2
BRDA:53,9,1,0
BRDA:56,10,0,3
BRDA:56,10,1,0
BRDA:76,11,0,1
BRDA:76,11,1,0
BRDA:81,12,0,1
BRDA:81,12,1,0
BRDA:84,13,0,0
BRDA:84,13,1,0
BRDA:111,14,0,1
BRDA:111,14,1,3
BRDA:111,15,0,4
BRDA:111,15,1,3
BRDA:111,15,2,3
BRDA:121,16,0,6
BRDA:121,16,1,3
BRDA:126,17,0,3
BRDA:126,17,1,0
BRDA:127,18,0,2
BRDA:127,18,1,1
BRDA:134,19,0,2
BRDA:134,19,1,0
BRDA:137,20,0,2
BRDA:137,20,1,0
BRDA:169,21,0,2
BRDA:169,21,1,0
BRDA:181,22,0,9
BRDA:181,22,1,0
BRDA:186,23,0,3
BRDA:186,23,1,0
BRDA:190,24,0,0
BRDA:190,24,1,3
BRDA:195,25,0,1
BRDA:195,25,1,0
BRDA:201,26,0,1
BRDA:201,26,1,2
BRDA:201,27,0,3
BRDA:201,27,1,2
BRDA:208,28,0,1
BRDA:208,28,1,1
BRDA:223,29,0,1
BRDA:223,29,1,2
BRDA:223,30,0,3
BRDA:223,30,1,2
BRDA:223,30,2,2
BRDA:231,31,0,1
BRDA:231,31,1,1
BRDA:251,32,0,1
BRDA:251,32,1,4
BRDA:251,33,0,5
BRDA:251,33,1,4
BRDA:251,33,2,4
BRDA:259,34,0,3
BRDA:259,34,1,1
BRDA:261,35,0,2
BRDA:261,35,1,1
BRDA:266,36,0,5
BRDA:266,36,1,1
BRDA:273,37,0,1
BRDA:273,37,1,1
BRDA:279,38,0,1
BRDA:279,38,1,1
BRDA:279,39,0,2
BRDA:279,39,1,2
BRDA:312,40,0,1
BRDA:312,40,1,3
BRDA:312,41,0,4
BRDA:312,41,1,3
BRDA:312,41,2,3
BRDA:312,41,3,3
BRDA:320,42,0,2
BRDA:320,42,1,1
BRDA:324,43,0,1
BRDA:324,43,1,1
BRDA:341,44,0,1
BRDA:341,44,1,2
BRDA:349,45,0,1
BRDA:349,45,1,3
BRDA:370,46,0,0
BRDA:370,46,1,0
BRDA:370,47,0,0
BRDA:370,47,1,0
BRDA:374,48,0,0
BRDA:374,48,1,0
BRDA:376,49,0,0
BRDA:376,49,1,0
BRDA:378,50,0,0
BRDA:378,50,1,0
BRDA:380,51,0,0
BRDA:380,51,1,0
BRDA:385,52,0,0
BRDA:385,52,1,0
BRDA:386,53,0,0
BRDA:386,53,1,0
BRDA:407,54,0,2
BRDA:407,54,1,1
BRDA:408,55,0,3
BRDA:408,55,1,2
BRDA:408,55,2,2
BRDA:408,55,3,2
BRDA:408,55,4,2
BRDA:419,56,0,1
BRDA:419,56,1,1
BRF:124
BRH:93
end_of_record
TN:
SF:models/game.model.js
FN:5,(anonymous_0)
FNF:1
FNH:1
FNDA:6,(anonymous_0)
DA:2,6
DA:3,6
DA:4,6
DA:6,6
DA:7,120
DA:12,1
LF:6
LH:6
BRF:0
BRH:0
end_of_record
TN:
SF:models/hardTetromino.model.js
FN:5,(anonymous_0)
FNF:1
FNH:1
FNDA:2,(anonymous_0)
DA:2,2
DA:3,2
DA:4,2
DA:6,2
DA:12,2
DA:13,2
DA:17,1
LF:7
LH:7
BRF:0
BRH:0
end_of_record
TN:
SF:models/piece.model.js
FN:12,(anonymous_0)
FNF:1
FNH:1
FNDA:1,(anonymous_0)
DA:1,1
DA:4,1
DA:5,1
DA:6,1
DA:7,1
DA:8,1
DA:9,1
DA:10,1
DA:11,1
DA:13,1
DA:17,1
LF:11
LH:11
BRF:0
BRH:0
end_of_record
TN:
SF:models/player.model.js
FN:12,(anonymous_0)
FNF:1
FNH:1
FNDA:3,(anonymous_0)
DA:1,1
DA:4,3
DA:5,3
DA:6,3
DA:7,3
DA:8,3
DA:9,3
DA:10,3
DA:11,3
DA:13,3
DA:14,3
DA:15,3
DA:16,3
DA:20,1
LF:14
LH:14
BRF:0
BRH:0
end_of_record
TN:
SF:models/tetromino.model.js
FN:5,(anonymous_0)
FNF:1
FNH:1
FNDA:20,(anonymous_0)
DA:2,20
DA:3,20
DA:4,20
DA:6,20
DA:15,20
DA:16,20
DA:20,1
LF:7
LH:7
BRF:0
BRH:0
end_of_record
